[2020-03-30 18:43:00] url_test start
[2020-03-30 18:44:00] url_test start
[2020-03-30 18:45:00] url_test start
[2020-03-30 18:47:00] url_test start
[2020-03-30 18:47:00] 业务平台
	http://www.baidu.com	200
[2020-03-30 18:47:20] 智能系统
	http://123.com	超时
[2020-03-30 18:47:20] 后台管理系统
	http://4399.com	200
[2020-03-30 18:47:40] 4thp系统
	http://123aa.com	超时
[2020-03-30 18:48:00] 5平台
	http://aaa.baidu.com	超时
[2020-03-30 18:48:01] 163邮箱
	http://abc.baidu.com	200
[2020-03-30 18:48:01] url_test end
[2020-03-30 18:49:00] url_test start
[2020-03-30 18:49:00] 业务平台	http://www.baidu.com	200
[2020-03-30 18:49:20] 智能系统	http://123.com	超时
[2020-03-30 18:49:20] 后台管理系统	http://4399.com	200
[2020-03-30 18:49:40] 4thp系统	http://123aa.com	超时
[2020-03-30 18:50:00] 5平台	http://aaa.baidu.com	超时
[2020-03-30 18:50:00] 163邮箱	http://abc.baidu.com	200
[2020-03-30 18:50:00] url_test end
[2020-03-30 19:08:00] url_test start
[2020-03-30 19:09:11] 	http://aaa.baidu.com	超时
[2020-03-30 19:09:11] url_test end
[2020-03-30 19:09:49] url_test start
[2020-03-30 19:09:49] 业务平台	http://www.baidu.com	200
[2020-03-30 19:10:09] 智能系统	http://123.com	超时
[2020-03-30 19:10:09] 后台管理系统	http://4399.com	200
[2020-03-30 19:10:29] 4thp系统	http://123aa.com	超时
[2020-03-30 19:10:49] 	http://aaa.baidu.com	超时
[2020-03-30 19:10:49] 163邮箱	http://abc.baidu.com	200
[2020-03-30 19:10:49] url_test end
[2020-03-30 19:10:50] url_test start
[2020-03-30 19:10:50] 业务平台	http://www.baidu.com	200
[2020-03-30 19:11:10] 智能系统	http://123.com	超时
[2020-03-30 19:11:10] 后台管理系统	http://4399.com	200
[2020-03-30 19:11:24]	url_test start
[2020-03-30 19:11:24]	业务平台	http://www.baidu.com	200
[2020-03-30 19:12:03]	url_test start
[2020-03-30 19:12:03]	业务平台	http://www.baidu.com	200
[2020-03-30 19:12:23]	智能系统	http://123.com	超时
[2020-03-30 19:12:23]	后台管理系统	http://4399.com	200
[2020-03-30 19:12:43]	4thp系统	http://123aa.com	超时
[2020-03-30 19:13:03]		http://aaa.baidu.com	超时
[2020-03-30 19:13:03]	163邮箱	http://abc.baidu.com	200
[2020-03-30 19:13:03]	url_test end
[2020-03-30 19:13:04]	url_test start
[2020-03-30 19:13:04]	业务平台	http://www.baidu.com	200
